[2023-12-10 21:25:44,170] 28 root - INFO - Data Ingestion method starts
[2023-12-10 21:25:44,384] 32 root - INFO - dataset read as pandas dataframe
[2023-12-10 21:25:45,440] 37 root - INFO - Raw data is created
[2023-12-10 21:25:46,575] 43 root - INFO - Train and Test datasets are created /n Ingestion of data DONE
[2023-12-10 21:25:46,847] 82 root - INFO - Reading of train and test data completed
[2023-12-10 21:25:46,856] 83 root - INFO - Train Dataframe Head : 
       id  carat        cut color clarity  depth  table     x     y     z  price
0   11504   0.41      Ideal     E    VVS2   60.6   56.0  4.85  4.80  2.93   1181
1   95284   1.23  Very Good     H     VS1   59.9   59.0  6.91  7.01  4.19   7418
2  184777   1.70    Premium     H     VS2   62.0   58.0  7.61  7.66  4.74  12755
3    5419   0.33      Ideal     F    VVS1   61.2   56.0  4.47  4.44  2.73   1020
4   45466   0.33  Very Good     I     SI1   62.1   58.0  4.41  4.45  2.75    445
[2023-12-10 21:25:46,863] 84 root - INFO - Test Dataframe Head : 
       id  carat        cut color clarity  depth  table     x     y     z  price
0   14868   0.50      Ideal     D     SI1   62.1   57.0  5.05  5.08  3.14   1355
1  165613   2.00  Very Good     G     SI2   59.5   57.0  8.08  8.15  4.89  14691
2   96727   0.27    Premium     E    VVS1   60.5   59.0  4.19  4.16  2.52    844
3  145593   0.32    Premium     I    VVS1   61.2   59.0  4.43  4.44  2.71    707
4  118689   1.19      Ideal     H     SI1   62.5   56.0  6.77  6.81  4.23   5797
[2023-12-10 21:25:46,863] 86 root - INFO - Obtaining preprocessing object
[2023-12-10 21:25:46,863] 29 root - INFO - Data Transformation initiated
[2023-12-10 21:25:46,863] 40 root - INFO - Data Transformation pipeline Initiated
[2023-12-10 21:25:47,273] 105 root - INFO - Applying preprocessor object on train and test set has been done
[2023-12-10 21:25:47,286] 114 root - INFO - Processsor pickle in created and saved
[2023-12-10 21:25:47,293] 26 root - INFO - Spliting Dependent and independent variables from train and test data
[2023-12-10 21:27:37,883] 47 root - INFO - Model Report : {"'Linear Regression':LinearRegression(),\n                'Elastic Net':ElasticNet(),\n                'Ridge Regression':Ridge(),\n                'Lasso Regression':Lasso(),\n                'Decision Tree':DecisionTreeRegressor(),\n                'Support Vector Regression':SVR(),\n                'K Nearest Neighbors':KNeighborsRegressor(),Random Forest": 0.9767189576010046}
[2023-12-10 21:27:37,886] 60 root - INFO - Best Model Found , Model Name : 'Linear Regression':LinearRegression(),
                'Elastic Net':ElasticNet(),
                'Ridge Regression':Ridge(),
                'Lasso Regression':Lasso(),
                'Decision Tree':DecisionTreeRegressor(),
                'Support Vector Regression':SVR(),
                'K Nearest Neighbors':KNeighborsRegressor(),Random Forest , R2 Score : 0.9767189576010046
[2023-12-10 21:27:42,974] 24 root - INFO - All set and done
