[2023-12-09 20:47:50,242] 28 root - INFO - Data Ingestion method starts
[2023-12-09 20:47:50,434] 32 root - INFO - dataset read as pandas dataframe
[2023-12-09 20:47:51,532] 37 root - INFO - Raw data is created
[2023-12-09 20:47:52,684] 43 root - INFO - Train and Test datasets are created /n Ingestion of data DONE
[2023-12-09 20:47:52,923] 82 root - INFO - Reading of train and test data completed
[2023-12-09 20:47:52,931] 83 root - INFO - Train Dataframe Head : 
       id  carat        cut color clarity  depth  table     x     y     z  price
0   11504   0.41      Ideal     E    VVS2   60.6   56.0  4.85  4.80  2.93   1181
1   95284   1.23  Very Good     H     VS1   59.9   59.0  6.91  7.01  4.19   7418
2  184777   1.70    Premium     H     VS2   62.0   58.0  7.61  7.66  4.74  12755
3    5419   0.33      Ideal     F    VVS1   61.2   56.0  4.47  4.44  2.73   1020
4   45466   0.33  Very Good     I     SI1   62.1   58.0  4.41  4.45  2.75    445
[2023-12-09 20:47:52,937] 84 root - INFO - Test Dataframe Head : 
       id  carat        cut color clarity  depth  table     x     y     z  price
0   14868   0.50      Ideal     D     SI1   62.1   57.0  5.05  5.08  3.14   1355
1  165613   2.00  Very Good     G     SI2   59.5   57.0  8.08  8.15  4.89  14691
2   96727   0.27    Premium     E    VVS1   60.5   59.0  4.19  4.16  2.52    844
3  145593   0.32    Premium     I    VVS1   61.2   59.0  4.43  4.44  2.71    707
4  118689   1.19      Ideal     H     SI1   62.5   56.0  6.77  6.81  4.23   5797
[2023-12-09 20:47:52,937] 86 root - INFO - Obtaining preprocessing object
[2023-12-09 20:47:52,938] 29 root - INFO - Data Transformation initiated
[2023-12-09 20:47:52,938] 40 root - INFO - Data Transformation pipeline Initiated
[2023-12-09 20:47:53,301] 105 root - INFO - Applying preprocessor object on train and test set has been done
[2023-12-09 20:47:53,317] 114 root - INFO - Processsor pickle in created and saved
[2023-12-09 20:47:53,317] 26 root - INFO - Spliting Dependent and independent variables from train and test data
[2023-12-09 21:37:09,525] 47 root - INFO - Model Report : {'Linear Regression': 0.9362906819996049, 'Elastic Net': 0.8544967219374031, 'Ridge Regression': 0.9362900967491632, 'Lasso Regression': 0.9362869814082755, 'Decision Tree': 0.9549096261517082, 'Random Forest': 0.9769090034447103, 'Support Vector Regression': 0.7757814726709833, 'K Nearest Neighbors': 0.9718448407977691}
[2023-12-09 21:37:09,549] 60 root - INFO - Best Model Found , Model Name : Random Forest , R2 Score : 0.9769090034447103
[2023-12-09 21:37:21,210] 24 root - INFO - All set and done
